<?xml version="1.0" encoding="UTF-8"?>
<!-- Generated by org.testng.reporters.JUnitReportReporter -->
<testsuite hostname="Shivanis-MacBook-Air.local" failures="0" tests="1" name="LoginFreeCRM.Logintest" time="1.198" errors="0" timestamp="25 Feb 2025 18:55:35 GMT" skipped="0">
  <testcase classname="LoginFreeCRM.Logintest" name="clickonlogin" time="1.198"/>
</testsuite> <!-- LoginFreeCRM.Logintest -->
